#
# There is insufficient memory for the Java Runtime Environment to continue.
# Native memory allocation (malloc) failed to allocate 31457280 bytes for committing reserved memory.
# Possible reasons:
#   The system is out of physical RAM or swap space
#   In 32 bit mode, the process size limit was hit
# Possible solutions:
#   Reduce memory load on the system
#   Increase physical memory or swap space
#   Check if swap backing store is full
#   Use 64 bit Java on a 64 bit OS
#   Decrease Java heap size (-Xmx/-Xms)
#   Decrease number of Java threads
#   Decrease Java thread stack sizes (-Xss)
#   Set larger code cache with -XX:ReservedCodeCacheSize=
# This output file may be truncated or incomplete.
#
#  Out of Memory Error (os_linux.cpp:2756), pid=9878, tid=140353629570816
#
# JRE version: Java(TM) SE Runtime Environment (7.0_80-b15) (build 1.7.0_80-b15)
# Java VM: Java HotSpot(TM) 64-Bit Server VM (24.80-b11 mixed mode linux-amd64 compressed oops)
# Failed to write core dump. Core dumps have been disabled. To enable core dumping, try "ulimit -c unlimited" before starting Java again
#

---------------  T H R E A D  ---------------

Current thread (0x00007fa69c06a000):  VMThread [stack: 0x00007fa6a02bc000,0x00007fa6a03bd000] [id=9887]

Stack: [0x00007fa6a02bc000,0x00007fa6a03bd000],  sp=0x00007fa6a03bb240,  free space=1020k
Native frames: (J=compiled Java code, j=interpreted, Vv=VM code, C=native code)
V  [libjvm.so+0x9a320a]  VMError::report_and_die()+0x2ea
V  [libjvm.so+0x498d3b]  report_vm_out_of_memory(char const*, int, unsigned long, char const*)+0x9b
V  [libjvm.so+0x82191e]  os::Linux::commit_memory_impl(char*, unsigned long, bool)+0xfe
V  [libjvm.so+0x821e69]  os::pd_commit_memory(char*, unsigned long, unsigned long, bool)+0x29
V  [libjvm.so+0x81bb6a]  os::commit_memory(char*, unsigned long, unsigned long, bool)+0x2a
V  [libjvm.so+0x88d623]  PSVirtualSpace::expand_by(unsigned long)+0x53
V  [libjvm.so+0x88e9f8]  PSYoungGen::resize_generation(unsigned long, unsigned long)+0xf8
V  [libjvm.so+0x88db62]  PSYoungGen::resize(unsigned long, unsigned long)+0x22
V  [libjvm.so+0x88af1d]  PSScavenge::invoke_no_policy()+0xf3d
V  [libjvm.so+0x88b761]  PSScavenge::invoke()+0x41
V  [libjvm.so+0x843f40]  ParallelScavengeHeap::failed_mem_allocate(unsigned long)+0x70
V  [libjvm.so+0x9a4a97]  VM_ParallelGCFailedAllocation::doit()+0x97
V  [libjvm.so+0x9abf35]  VM_Operation::evaluate()+0x55
V  [libjvm.so+0x9aa2fa]  VMThread::evaluate_operation(VM_Operation*)+0xba
V  [libjvm.so+0x9aa67e]  VMThread::loop()+0x1ce
V  [libjvm.so+0x9aaaf0]  VMThread::run()+0x70
V  [libjvm.so+0x8238c8]  java_start(Thread*)+0x108

VM_Operation (0x00007fa6a4e55b80): ParallelGCFailedAllocation, mode: safepoint, requested by thread 0x00007fa69c00a000


---------------  P R O C E S S  ---------------

Java Threads: ( => current thread )
  0x00007fa69c099000 JavaThread "Service Thread" daemon [_thread_blocked, id=9893, stack(0x00007fa6966a3000,0x00007fa6967a4000)]
  0x00007fa69c096800 JavaThread "C2 CompilerThread1" daemon [_thread_blocked, id=9892, stack(0x00007fa6967a4000,0x00007fa6968a5000)]
  0x00007fa69c093800 JavaThread "C2 CompilerThread0" daemon [_thread_blocked, id=9891, stack(0x00007fa6968a5000,0x00007fa6969a6000)]
  0x00007fa69c091800 JavaThread "Signal Dispatcher" daemon [_thread_blocked, id=9890, stack(0x00007fa6969a6000,0x00007fa696aa7000)]
  0x00007fa69c070800 JavaThread "Finalizer" daemon [_thread_blocked, id=9889, stack(0x00007fa6a00ba000,0x00007fa6a01bb000)]
  0x00007fa69c06e000 JavaThread "Reference Handler" daemon [_thread_blocked, id=9888, stack(0x00007fa6a01bb000,0x00007fa6a02bc000)]
  0x00007fa69c00a000 JavaThread "main" [_thread_blocked, id=9881, stack(0x00007fa6a4d57000,0x00007fa6a4e58000)]

Other Threads:
=>0x00007fa69c06a000 VMThread [stack: 0x00007fa6a02bc000,0x00007fa6a03bd000] [id=9887]
  0x00007fa69c0a3800 WatcherThread [stack: 0x00007fa6965a2000,0x00007fa6966a3000] [id=9894]

VM state:at safepoint (normal execution)

VM Mutex/Monitor currently owned by a thread:  ([mutex/lock_event])
[0x00007fa69c006760] Threads_lock - owner thread: 0x00007fa69c06a000
[0x00007fa69c006c60] Heap_lock - owner thread: 0x00007fa69c00a000

Heap
 PSYoungGen      total 33280K, used 2544K [0x00000000eaa80000, 0x00000000ecd80000, 0x0000000100000000)
  eden space 30720K, 0% used [0x00000000eaa80000,0x00000000eaa80000,0x00000000ec880000)
  from space 2560K, 99% used [0x00000000ec880000,0x00000000ecafc2c8,0x00000000ecb00000)
  to   space 2560K, 0% used [0x00000000ecb00000,0x00000000ecb00000,0x00000000ecd80000)
 ParOldGen       total 40960K, used 7751K [0x00000000c0000000, 0x00000000c2800000, 0x00000000eaa80000)
  object space 40960K, 18% used [0x00000000c0000000,0x00000000c0791c68,0x00000000c2800000)
 PSPermGen       total 21504K, used 5540K [0x00000000bae00000, 0x00000000bc300000, 0x00000000c0000000)
  object space 21504K, 25% used [0x00000000bae00000,0x00000000bb369080,0x00000000bc300000)

Card table byte_map: [0x00007fa6a1e21000,0x00007fa6a204b000] byte_map_base: 0x00007fa6a184a000

Polling page: 0x00007fa6a4e7b000

Code Cache  [0x00007fa699000000, 0x00007fa699270000, 0x00007fa69c000000)
 total_blobs=516 nmethods=290 adapters=180 free_code_cache=48034Kb largest_free_block=49152832

Compilation events (10 events):
Event: 15.493 Thread 0x00007fa69c093800 nmethod 296 0x00007fa6990c3cd0 code [0x00007fa6990c3e00, 0x00007fa6990c3e58]
Event: 15.493 Thread 0x00007fa69c093800  297             com.android.dx.rop.type.Type::getBasicFrameType (60 bytes)
Event: 15.494 Thread 0x00007fa69c093800 nmethod 297 0x00007fa6990f7e50 code [0x00007fa6990f7f80, 0x00007fa6990f7ff8]
Event: 15.495 Thread 0x00007fa69c093800  298             com.android.dx.rop.code.RegisterSpec::getTypeBearer (5 bytes)
Event: 15.502 Thread 0x00007fa69c093800 nmethod 298 0x00007fa6990bb590 code [0x00007fa6990bb6c0, 0x00007fa6990bb718]
Event: 15.502 Thread 0x00007fa69c093800  299             com.android.dx.rop.code.Rop::canThrow (18 bytes)
Event: 15.503 Thread 0x00007fa69c093800 nmethod 299 0x00007fa6990c9b50 code [0x00007fa6990c9ca0, 0x00007fa6990c9d58]
Event: 15.507 Thread 0x00007fa69c093800  300             com.android.dx.util.LabeledList::set (45 bytes)
Event: 15.527 Thread 0x00007fa69c093800 nmethod 300 0x00007fa699089dd0 code [0x00007fa699089f40, 0x00007fa69908a158]
Event: 15.527 Thread 0x00007fa69c093800  301             com.android.dx.rop.code.RegisterSpecSet::equals (106 bytes)

GC Heap History (5 events):
Event: 4.720 GC heap before
{Heap before GC invocations=1 (full 0):
 PSYoungGen      total 17920K, used 15360K [0x00000000eaa80000, 0x00000000ebe80000, 0x0000000100000000)
  eden space 15360K, 100% used [0x00000000eaa80000,0x00000000eb980000,0x00000000eb980000)
  from space 2560K, 0% used [0x00000000ebc00000,0x00000000ebc00000,0x00000000ebe80000)
  to   space 2560K, 0% used [0x00000000eb980000,0x00000000eb980000,0x00000000ebc00000)
 ParOldGen       total 40960K, used 0K [0x00000000c0000000, 0x00000000c2800000, 0x00000000eaa80000)
  object space 40960K, 0% used [0x00000000c0000000,0x00000000c0000000,0x00000000c2800000)
 PSPermGen       total 21504K, used 5276K [0x00000000bae00000, 0x00000000bc300000, 0x00000000c0000000)
  object space 21504K, 24% used [0x00000000bae00000,0x00000000bb327170,0x00000000bc300000)
Event: 4.967 GC heap after
Heap after GC invocations=1 (full 0):
 PSYoungGen      total 17920K, used 2551K [0x00000000eaa80000, 0x00000000ecd80000, 0x0000000100000000)
  eden space 15360K, 0% used [0x00000000eaa80000,0x00000000eaa80000,0x00000000eb980000)
  from space 2560K, 99% used [0x00000000eb980000,0x00000000ebbfdc78,0x00000000ebc00000)
  to   space 2560K, 0% used [0x00000000ecb00000,0x00000000ecb00000,0x00000000ecd80000)
 ParOldGen       total 40960K, used 1408K [0x00000000c0000000, 0x00000000c2800000, 0x00000000eaa80000)
  object space 40960K, 3% used [0x00000000c0000000,0x00000000c0160310,0x00000000c2800000)
 PSPermGen       total 21504K, used 5276K [0x00000000bae00000, 0x00000000bc300000, 0x00000000c0000000)
  object space 21504K, 24% used [0x00000000bae00000,0x00000000bb327170,0x00000000bc300000)
}
Event: 9.336 GC heap before
{Heap before GC invocations=2 (full 0):
 PSYoungGen      total 17920K, used 17911K [0x00000000eaa80000, 0x00000000ecd80000, 0x0000000100000000)
  eden space 15360K, 100% used [0x00000000eaa80000,0x00000000eb980000,0x00000000eb980000)
  from space 2560K, 99% used [0x00000000eb980000,0x00000000ebbfdc78,0x00000000ebc00000)
  to   space 2560K, 0% used [0x00000000ecb00000,0x00000000ecb00000,0x00000000ecd80000)
 ParOldGen       total 40960K, used 1408K [0x00000000c0000000, 0x00000000c2800000, 0x00000000eaa80000)
  object space 40960K, 3% used [0x00000000c0000000,0x00000000c0160310,0x00000000c2800000)
 PSPermGen       total 21504K, used 5463K [0x00000000bae00000, 0x00000000bc300000, 0x00000000c0000000)
  object space 21504K, 25% used [0x00000000bae00000,0x00000000bb355cf0,0x00000000bc300000)
Event: 9.443 GC heap after
Heap after GC invocations=2 (full 0):
 PSYoungGen      total 33280K, used 2551K [0x00000000eaa80000, 0x00000000ecd80000, 0x0000000100000000)
  eden space 30720K, 0% used [0x00000000eaa80000,0x00000000eaa80000,0x00000000ec880000)
  from space 2560K, 99% used [0x00000000ecb00000,0x00000000ecd7dc88,0x00000000ecd80000)
  to   space 2560K, 0% used [0x00000000ec880000,0x00000000ec880000,0x00000000ecb00000)
 ParOldGen       total 40960K, used 3897K [0x00000000c0000000, 0x00000000c2800000, 0x00000000eaa80000)
  object space 40960K, 9% used [0x00000000c0000000,0x00000000c03ce4d0,0x00000000c2800000)
 PSPermGen       total 21504K, used 5463K [0x00000000bae00000, 0x00000000bc300000, 0x00000000c0000000)
  object space 21504K, 25% used [0x00000000bae00000,0x00000000bb355cf0,0x00000000bc300000)
}
Event: 15.705 GC heap before
{Heap before GC invocations=3 (full 0):
 PSYoungGen      total 33280K, used 33271K [0x00000000eaa80000, 0x00000000ecd80000, 0x0000000100000000)
  eden space 30720K, 100% used [0x00000000eaa80000,0x00000000ec880000,0x00000000ec880000)
  from space 2560K, 99% used [0x00000000ecb00000,0x00000000ecd7dc88,0x00000000ecd80000)
  to   space 2560K, 0% used [0x00000000ec880000,0x00000000ec880000,0x00000000ecb00000)
 ParOldGen       total 40960K, used 3897K [0x00000000c0000000, 0x00000000c2800000, 0x00000000eaa80000)
  object space 40960K, 9% used [0x00000000c0000000,0x00000000c03ce4d0,0x00000000c2800000)
 PSPermGen       total 21504K, used 5540K [0x00000000bae00000, 0x00000000bc300000, 0x00000000c0000000)
  object space 21504K, 25% used [0x00000000bae00000,0x00000000bb369080,0x00000000bc300000)

Deoptimization events (10 events):
Event: 7.962 Thread 0x00007fa69c00a000 Uncommon trap: reason=null_check action=make_not_entrant pc=0x00007fa6990c5c90 method=com.android.dx.ssa.SsaRenamer.getLocalForNewReg(I)Lcom/android/dx/rop/code/LocalItem; @ 19
Event: 8.419 Thread 0x00007fa69c00a000 Uncommon trap: reason=null_check action=make_not_entrant pc=0x00007fa6990bc50c method=com.android.dx.rop.type.Type.putIntern(Lcom/android/dx/rop/type/Type;)Lcom/android/dx/rop/type/Type; @ 18
Event: 8.893 Thread 0x00007fa69c00a000 Uncommon trap: reason=unstable_if action=reinterpret pc=0x00007fa69908a1f4 method=com.android.dx.rop.code.RegisterSpec.equals(ILcom/android/dx/rop/type/TypeBearer;Lcom/android/dx/rop/code/LocalItem;)Z @ 42
Event: 9.242 Thread 0x00007fa69c00a000 Uncommon trap: reason=unstable_if action=reinterpret pc=0x00007fa6990794c4 method=com.android.dx.rop.cst.Constant.compareTo(Lcom/android/dx/rop/cst/Constant;)I @ 12
Event: 10.432 Thread 0x00007fa69c00a000 Uncommon trap: reason=unstable_if action=reinterpret pc=0x00007fa6990d930c method=com.android.dx.rop.code.LocalVariableExtractor.processBlock(I)V @ 179
Event: 10.448 Thread 0x00007fa69c00a000 Uncommon trap: reason=unstable_if action=reinterpret pc=0x00007fa6990806f0 method=com.android.dx.ssa.SsaRenamer$BlockRenamer.addMapping(ILcom/android/dx/rop/code/RegisterSpec;)V @ 120
Event: 10.620 Thread 0x00007fa69c00a000 Uncommon trap: reason=unstable_if action=reinterpret pc=0x00007fa69909cfd8 method=com.android.dx.cf.code.Ropper.labelToResultIndex(I)I @ 34
Event: 10.621 Thread 0x00007fa69c00a000 Uncommon trap: reason=unstable_if action=reinterpret pc=0x00007fa6990b6e74 method=com.android.dx.ssa.LocalVariableExtractor.processBlock(I)V @ 77
Event: 12.143 Thread 0x00007fa69c00a000 Uncommon trap: reason=unstable_if action=reinterpret pc=0x00007fa6990ace7c method=com.android.dx.rop.code.RegisterSpecSet.localItemToSpec(Lcom/android/dx/rop/code/LocalItem;)Lcom/android/dx/rop/code/RegisterSpec; @ 35
Event: 13.220 Thread 0x00007fa69c00a000 Uncommon trap: reason=null_check action=make_not_entrant pc=0x00007fa6990bb3d0 method=com.android.dx.rop.type.Type.equals(Ljava/lang/Object;)Z @ 8

Internal exceptions (10 events):
Event: 5.684 Thread 0x00007fa69c00a000 Threw 0x00000000ead83dc0 at /HUDSON/workspace/7u-2-build-linux-amd64/jdk7u80/2329/hotspot/src/share/vm/prims/jvm.cpp:1319
Event: 5.688 Thread 0x00007fa69c00a000 Threw 0x00000000ead99c18 at /HUDSON/workspace/7u-2-build-linux-amd64/jdk7u80/2329/hotspot/src/share/vm/prims/jvm.cpp:1319
Event: 5.700 Thread 0x00007fa69c00a000 Threw 0x00000000ead9f260 at /HUDSON/workspace/7u-2-build-linux-amd64/jdk7u80/2329/hotspot/src/share/vm/prims/jvm.cpp:1319
Event: 5.701 Thread 0x00007fa69c00a000 Threw 0x00000000eada4550 at /HUDSON/workspace/7u-2-build-linux-amd64/jdk7u80/2329/hotspot/src/share/vm/prims/jvm.cpp:1319
Event: 6.830 Thread 0x00007fa69c00a000 Threw 0x00000000eb29d7a8 at /HUDSON/workspace/7u-2-build-linux-amd64/jdk7u80/2329/hotspot/src/share/vm/prims/jvm.cpp:1319
Event: 7.962 Thread 0x00007fa69c00a000 Implicit null exception at 0x00007fa6990c48c8 to 0x00007fa6990c5c65
Event: 8.419 Thread 0x00007fa69c00a000 Implicit null exception at 0x00007fa6990bbd87 to 0x00007fa6990bc4fd
Event: 10.169 Thread 0x00007fa69c00a000 Threw 0x00000000eace5570 at /HUDSON/workspace/7u-2-build-linux-amd64/jdk7u80/2329/hotspot/src/share/vm/prims/jvm.cpp:1319
Event: 13.164 Thread 0x00007fa69c00a000 Implicit null exception at 0x00007fa6990bb2d2 to 0x00007fa6990bb3c3
Event: 15.192 Thread 0x00007fa69c00a000 Threw 0x00000000ec5b8c88 at /HUDSON/workspace/7u-2-build-linux-amd64/jdk7u80/2329/hotspot/src/share/vm/prims/jvm.cpp:1319

Events (10 events):
Event: 12.144 Thread 0x00007fa69c00a000 DEOPT UNPACKING pc=0x00007fa699039045 sp=0x00007fa6a4e55d60 mode 2
Event: 13.194 Thread 0x00007fa69c00a000 Uncommon trap: trap_request=0xfffffff4 fr.pc=0x00007fa6990bb3d0
Event: 13.220 Thread 0x00007fa69c00a000 DEOPT PACKING pc=0x00007fa6990bb3d0 sp=0x00007fa6a4e55c00
Event: 13.227 Thread 0x00007fa69c00a000 DEOPT UNPACKING pc=0x00007fa699039045 sp=0x00007fa6a4e55bb8 mode 2
Event: 13.887 Thread 0x00007fa69c093800 flushing nmethod 0x00007fa6990c3cd0
Event: 15.111 Thread 0x00007fa69c093800 flushing nmethod 0x00007fa699089dd0
Event: 15.183 loading class 0x00007fa69c152040
Event: 15.187 loading class 0x00007fa69c152040 done
Event: 15.494 Thread 0x00007fa69c093800 flushing nmethod 0x00007fa6990bb590
Event: 15.683 Executing VM operation: ParallelGCFailedAllocation


Dynamic libraries:
00400000-00401000 r-xp 00000000 08:02 2235145                            /usr/lib/jvm/java-7-oracle/bin/java
00600000-00601000 rw-p 00000000 08:02 2235145                            /usr/lib/jvm/java-7-oracle/bin/java
01522000-01543000 rw-p 00000000 00:00 0                                  [heap]
bae00000-bc300000 rw-p 00000000 00:00 0 
bc300000-c0000000 rw-p 00000000 00:00 0 
c0000000-c2800000 rw-p 00000000 00:00 0 
c2800000-eaa80000 rw-p 00000000 00:00 0 
eaa80000-ecd80000 rw-p 00000000 00:00 0 
eeb80000-100000000 rw-p 00000000 00:00 0 
7fa660000000-7fa660021000 rw-p 00000000 00:00 0 
7fa660021000-7fa664000000 ---p 00000000 00:00 0 
7fa664000000-7fa664021000 rw-p 00000000 00:00 0 
7fa664021000-7fa668000000 ---p 00000000 00:00 0 
7fa668000000-7fa668900000 rw-p 00000000 00:00 0 
7fa668900000-7fa66c000000 ---p 00000000 00:00 0 
7fa66c000000-7fa66c990000 rw-p 00000000 00:00 0 
7fa66c990000-7fa670000000 ---p 00000000 00:00 0 
7fa670000000-7fa670021000 rw-p 00000000 00:00 0 
7fa670021000-7fa674000000 ---p 00000000 00:00 0 
7fa674000000-7fa674021000 rw-p 00000000 00:00 0 
7fa674021000-7fa678000000 ---p 00000000 00:00 0 
7fa678000000-7fa6780e3000 rw-p 00000000 00:00 0 
7fa6780e3000-7fa67c000000 ---p 00000000 00:00 0 
7fa67c000000-7fa67c021000 rw-p 00000000 00:00 0 
7fa67c021000-7fa680000000 ---p 00000000 00:00 0 
7fa680000000-7fa680021000 rw-p 00000000 00:00 0 
7fa680021000-7fa684000000 ---p 00000000 00:00 0 
7fa684000000-7fa684021000 rw-p 00000000 00:00 0 
7fa684021000-7fa688000000 ---p 00000000 00:00 0 
7fa688000000-7fa688021000 rw-p 00000000 00:00 0 
7fa688021000-7fa68c000000 ---p 00000000 00:00 0 
7fa690000000-7fa690021000 rw-p 00000000 00:00 0 
7fa690021000-7fa694000000 ---p 00000000 00:00 0 
7fa69600d000-7fa69617a000 rw-p 00000000 00:00 0 
7fa69617a000-7fa696191000 r-xp 00000000 08:02 2232763                    /usr/lib/jvm/java-7-oracle/jre/lib/amd64/libnet.so
7fa696191000-7fa696390000 ---p 00017000 08:02 2232763                    /usr/lib/jvm/java-7-oracle/jre/lib/amd64/libnet.so
7fa696390000-7fa696391000 rw-p 00016000 08:02 2232763                    /usr/lib/jvm/java-7-oracle/jre/lib/amd64/libnet.so
7fa696391000-7fa6963a1000 r-xp 00000000 08:02 2232777                    /usr/lib/jvm/java-7-oracle/jre/lib/amd64/libnio.so
7fa6963a1000-7fa6965a1000 ---p 00010000 08:02 2232777                    /usr/lib/jvm/java-7-oracle/jre/lib/amd64/libnio.so
7fa6965a1000-7fa6965a2000 rw-p 00010000 08:02 2232777                    /usr/lib/jvm/java-7-oracle/jre/lib/amd64/libnio.so
7fa6965a2000-7fa6965a3000 ---p 00000000 00:00 0 
7fa6965a3000-7fa6966a3000 rw-p 00000000 00:00 0                          [stack:9894]
7fa6966a3000-7fa6966a6000 ---p 00000000 00:00 0 
7fa6966a6000-7fa6967a4000 rw-p 00000000 00:00 0                          [stack:9893]
7fa6967a4000-7fa6967a7000 ---p 00000000 00:00 0 
7fa6967a7000-7fa6968a5000 rw-p 00000000 00:00 0                          [stack:9892]
7fa6968a5000-7fa6968a8000 ---p 00000000 00:00 0 
7fa6968a8000-7fa6969a6000 rw-p 00000000 00:00 0                          [stack:9891]
7fa6969a6000-7fa6969a9000 ---p 00000000 00:00 0 
7fa6969a9000-7fa696aa7000 rw-p 00000000 00:00 0                          [stack:9890]
7fa696aa7000-7fa696d70000 r--p 00000000 08:02 2100321                    /usr/lib/locale/locale-archive
7fa696d70000-7fa699000000 rw-p 00000000 00:00 0 
7fa699000000-7fa699270000 rwxp 00000000 00:00 0 
7fa699270000-7fa69c1ae000 rw-p 00000000 00:00 0 
7fa69c1ae000-7fa6a0000000 ---p 00000000 00:00 0 
7fa6a0078000-7fa6a00a9000 rw-p 00000000 00:00 0 
7fa6a00a9000-7fa6a00ba000 r--s 000b9000 08:02 1448004                    /root/AndroidStudioProjects/JustTheTip2/app/build/intermediates/exploded-aar/com.android.support/support-v4/22.0.0/classes.jar
7fa6a00ba000-7fa6a00bd000 ---p 00000000 00:00 0 
7fa6a00bd000-7fa6a01bb000 rw-p 00000000 00:00 0                          [stack:9889]
7fa6a01bb000-7fa6a01be000 ---p 00000000 00:00 0 
7fa6a01be000-7fa6a02bc000 rw-p 00000000 00:00 0                          [stack:9888]
7fa6a02bc000-7fa6a02bd000 ---p 00000000 00:00 0 
7fa6a02bd000-7fa6a13bc000 rw-p 00000000 00:00 0                          [stack:9887]
7fa6a13bc000-7fa6a157c000 r--s 039fb000 08:02 2232736                    /usr/lib/jvm/java-7-oracle/jre/lib/rt.jar
7fa6a157c000-7fa6a189e000 rw-p 00000000 00:00 0 
7fa6a189e000-7fa6a189f000 ---p 00000000 00:00 0 
7fa6a189f000-7fa6a199f000 rw-p 00000000 00:00 0                          [stack:9886]
7fa6a199f000-7fa6a19a0000 ---p 00000000 00:00 0 
7fa6a19a0000-7fa6a1aa0000 rw-p 00000000 00:00 0                          [stack:9885]
7fa6a1aa0000-7fa6a1aa1000 ---p 00000000 00:00 0 
7fa6a1aa1000-7fa6a1ba1000 rw-p 00000000 00:00 0                          [stack:9884]
7fa6a1ba1000-7fa6a1ba2000 ---p 00000000 00:00 0 
7fa6a1ba2000-7fa6a1cad000 rw-p 00000000 00:00 0                          [stack:9883]
7fa6a1cad000-7fa6a1ccb000 rw-p 00000000 00:00 0 
7fa6a1ccb000-7fa6a1cdf000 rw-p 00000000 00:00 0 
7fa6a1cdf000-7fa6a1e21000 rw-p 00000000 00:00 0 
7fa6a1e21000-7fa6a1e2c000 rw-p 00000000 00:00 0 
7fa6a1e2c000-7fa6a1e4a000 rw-p 00000000 00:00 0 
7fa6a1e4a000-7fa6a1e5e000 rw-p 00000000 00:00 0 
7fa6a1e5e000-7fa6a1f9f000 rw-p 00000000 00:00 0 
7fa6a1f9f000-7fa6a1fb1000 rw-p 00000000 00:00 0 
7fa6a1fb1000-7fa6a204a000 rw-p 00000000 00:00 0 
7fa6a204a000-7fa6a204b000 rw-p 00000000 00:00 0 
7fa6a204b000-7fa6a2062000 r-xp 00000000 08:02 2232787                    /usr/lib/jvm/java-7-oracle/jre/lib/amd64/libzip.so
7fa6a2062000-7fa6a2262000 ---p 00017000 08:02 2232787                    /usr/lib/jvm/java-7-oracle/jre/lib/amd64/libzip.so
7fa6a2262000-7fa6a2263000 rw-p 00017000 08:02 2232787                    /usr/lib/jvm/java-7-oracle/jre/lib/amd64/libzip.so
7fa6a2263000-7fa6a226e000 r-xp 00000000 08:02 1309150                    /lib/x86_64-linux-gnu/libnss_files-2.19.so
7fa6a226e000-7fa6a246d000 ---p 0000b000 08:02 1309150                    /lib/x86_64-linux-gnu/libnss_files-2.19.so
7fa6a246d000-7fa6a246e000 r--p 0000a000 08:02 1309150                    /lib/x86_64-linux-gnu/libnss_files-2.19.so
7fa6a246e000-7fa6a246f000 rw-p 0000b000 08:02 1309150                    /lib/x86_64-linux-gnu/libnss_files-2.19.so
7fa6a246f000-7fa6a247a000 r-xp 00000000 08:02 1309214                    /lib/x86_64-linux-gnu/libnss_nis-2.19.so
7fa6a247a000-7fa6a2679000 ---p 0000b000 08:02 1309214                    /lib/x86_64-linux-gnu/libnss_nis-2.19.so
7fa6a2679000-7fa6a267a000 r--p 0000a000 08:02 1309214                    /lib/x86_64-linux-gnu/libnss_nis-2.19.so
7fa6a267a000-7fa6a267b000 rw-p 0000b000 08:02 1309214                    /lib/x86_64-linux-gnu/libnss_nis-2.19.so
7fa6a267b000-7fa6a2692000 r-xp 00000000 08:02 1309172                    /lib/x86_64-linux-gnu/libnsl-2.19.so
7fa6a2692000-7fa6a2891000 ---p 00017000 08:02 1309172                    /lib/x86_64-linux-gnu/libnsl-2.19.so
7fa6a2891000-7fa6a2892000 r--p 00016000 08:02 1309172                    /lib/x86_64-linux-gnu/libnsl-2.19.so
7fa6a2892000-7fa6a2893000 rw-p 00017000 08:02 1309172                    /lib/x86_64-linux-gnu/libnsl-2.19.so
7fa6a2893000-7fa6a2895000 rw-p 00000000 00:00 0 
7fa6a2895000-7fa6a289e000 r-xp 00000000 08:02 1309171                    /lib/x86_64-linux-gnu/libnss_compat-2.19.so
7fa6a289e000-7fa6a2a9d000 ---p 00009000 08:02 1309171                    /lib/x86_64-linux-gnu/libnss_compat-2.19.so
7fa6a2a9d000-7fa6a2a9e000 r--p 00008000 08:02 1309171                    /lib/x86_64-linux-gnu/libnss_compat-2.19.so
7fa6a2a9e000-7fa6a2a9f000 rw-p 00009000 08:02 1309171                    /lib/x86_64-linux-gnu/libnss_compat-2.19.so
7fa6a2a9f000-7fa6a2ac8000 r-xp 00000000 08:02 2232770                    /usr/lib/jvm/java-7-oracle/jre/lib/amd64/libjava.so
7fa6a2ac8000-7fa6a2cc8000 ---p 00029000 08:02 2232770                    /usr/lib/jvm/java-7-oracle/jre/lib/amd64/libjava.so
7fa6a2cc8000-7fa6a2cca000 rw-p 00029000 08:02 2232770                    /usr/lib/jvm/java-7-oracle/jre/lib/amd64/libjava.so
7fa6a2cca000-7fa6a2cd7000 r-xp 00000000 08:02 2232752                    /usr/lib/jvm/java-7-oracle/jre/lib/amd64/libverify.so
7fa6a2cd7000-7fa6a2ed6000 ---p 0000d000 08:02 2232752                    /usr/lib/jvm/java-7-oracle/jre/lib/amd64/libverify.so
7fa6a2ed6000-7fa6a2ed8000 rw-p 0000c000 08:02 2232752                    /usr/lib/jvm/java-7-oracle/jre/lib/amd64/libverify.so
7fa6a2ed8000-7fa6a2edf000 r-xp 00000000 08:02 1309211                    /lib/x86_64-linux-gnu/librt-2.19.so
7fa6a2edf000-7fa6a30de000 ---p 00007000 08:02 1309211                    /lib/x86_64-linux-gnu/librt-2.19.so
7fa6a30de000-7fa6a30df000 r--p 00006000 08:02 1309211                    /lib/x86_64-linux-gnu/librt-2.19.so
7fa6a30df000-7fa6a30e0000 rw-p 00007000 08:02 1309211                    /lib/x86_64-linux-gnu/librt-2.19.so
7fa6a30e0000-7fa6a31e5000 r-xp 00000000 08:02 1309149                    /lib/x86_64-linux-gnu/libm-2.19.so
7fa6a31e5000-7fa6a33e4000 ---p 00105000 08:02 1309149                    /lib/x86_64-linux-gnu/libm-2.19.so
7fa6a33e4000-7fa6a33e5000 r--p 00104000 08:02 1309149                    /lib/x86_64-linux-gnu/libm-2.19.so
7fa6a33e5000-7fa6a33e6000 rw-p 00105000 08:02 1309149                    /lib/x86_64-linux-gnu/libm-2.19.so
7fa6a33e6000-7fa6a3f5c000 r-xp 00000000 08:02 2232774                    /usr/lib/jvm/java-7-oracle/jre/lib/amd64/server/libjvm.so
7fa6a3f5c000-7fa6a415b000 ---p 00b76000 08:02 2232774                    /usr/lib/jvm/java-7-oracle/jre/lib/amd64/server/libjvm.so
7fa6a415b000-7fa6a421f000 rw-p 00b75000 08:02 2232774                    /usr/lib/jvm/java-7-oracle/jre/lib/amd64/server/libjvm.so
7fa6a421f000-7fa6a4260000 rw-p 00000000 00:00 0 
7fa6a4260000-7fa6a441b000 r-xp 00000000 08:02 1309200                    /lib/x86_64-linux-gnu/libc-2.19.so
7fa6a441b000-7fa6a461a000 ---p 001bb000 08:02 1309200                    /lib/x86_64-linux-gnu/libc-2.19.so
7fa6a461a000-7fa6a461e000 r--p 001ba000 08:02 1309200                    /lib/x86_64-linux-gnu/libc-2.19.so
7fa6a461e000-7fa6a4620000 rw-p 001be000 08:02 1309200                    /lib/x86_64-linux-gnu/libc-2.19.so
7fa6a4620000-7fa6a4625000 rw-p 00000000 00:00 0 
7fa6a4625000-7fa6a4628000 r-xp 00000000 08:02 1309153                    /lib/x86_64-linux-gnu/libdl-2.19.so
7fa6a4628000-7fa6a4827000 ---p 00003000 08:02 1309153                    /lib/x86_64-linux-gnu/libdl-2.19.so
7fa6a4827000-7fa6a4828000 r--p 00002000 08:02 1309153                    /lib/x86_64-linux-gnu/libdl-2.19.so
7fa6a4828000-7fa6a4829000 rw-p 00003000 08:02 1309153                    /lib/x86_64-linux-gnu/libdl-2.19.so
7fa6a4829000-7fa6a483e000 r-xp 00000000 08:02 2233709                    /usr/lib/jvm/java-7-oracle/lib/amd64/jli/libjli.so
7fa6a483e000-7fa6a4a3d000 ---p 00015000 08:02 2233709                    /usr/lib/jvm/java-7-oracle/lib/amd64/jli/libjli.so
7fa6a4a3d000-7fa6a4a3e000 rw-p 00014000 08:02 2233709                    /usr/lib/jvm/java-7-oracle/lib/amd64/jli/libjli.so
7fa6a4a3e000-7fa6a4a57000 r-xp 00000000 08:02 1309201                    /lib/x86_64-linux-gnu/libpthread-2.19.so
7fa6a4a57000-7fa6a4c56000 ---p 00019000 08:02 1309201                    /lib/x86_64-linux-gnu/libpthread-2.19.so
7fa6a4c56000-7fa6a4c57000 r--p 00018000 08:02 1309201                    /lib/x86_64-linux-gnu/libpthread-2.19.so
7fa6a4c57000-7fa6a4c58000 rw-p 00019000 08:02 1309201                    /lib/x86_64-linux-gnu/libpthread-2.19.so
7fa6a4c58000-7fa6a4c5c000 rw-p 00000000 00:00 0 
7fa6a4c5c000-7fa6a4c7f000 r-xp 00000000 08:02 1309176                    /lib/x86_64-linux-gnu/ld-2.19.so
7fa6a4c87000-7fa6a4c88000 rw-p 00000000 00:00 0 
7fa6a4c88000-7fa6a4c97000 r--s 000dd000 08:02 1834518                    /root/Android/Sdk/build-tools/22.0.1/lib/dx.jar
7fa6a4c97000-7fa6a4ca1000 rw-p 00000000 00:00 0 
7fa6a4ca1000-7fa6a4d57000 rw-p 00000000 00:00 0 
7fa6a4d57000-7fa6a4d5a000 ---p 00000000 00:00 0 
7fa6a4d5a000-7fa6a4e72000 rw-p 00000000 00:00 0                          [stack:9881]
7fa6a4e72000-7fa6a4e7a000 rw-s 00000000 08:02 1308428                    /tmp/hsperfdata_root/9878
7fa6a4e7a000-7fa6a4e7b000 rw-p 00000000 00:00 0 
7fa6a4e7b000-7fa6a4e7c000 ---p 00000000 00:00 0 
7fa6a4e7c000-7fa6a4e7e000 rw-p 00000000 00:00 0 
7fa6a4e7e000-7fa6a4e7f000 r--p 00022000 08:02 1309176                    /lib/x86_64-linux-gnu/ld-2.19.so
7fa6a4e7f000-7fa6a4e80000 rw-p 00023000 08:02 1309176                    /lib/x86_64-linux-gnu/ld-2.19.so
7fa6a4e80000-7fa6a4e81000 rw-p 00000000 00:00 0 
7fff1898b000-7fff189ac000 rw-p 00000000 00:00 0                          [stack]
7fff189fe000-7fff18a00000 r-xp 00000000 00:00 0                          [vdso]
ffffffffff600000-ffffffffff601000 r-xp 00000000 00:00 0                  [vsyscall]

VM Arguments:
jvm_args: -Xmx1024M -Dfile.encoding=UTF-8 -Duser.country=US -Duser.language=en -Duser.variant 
java_command: com.android.dx.command.Main --dex --output /root/AndroidStudioProjects/JustTheTip2/app/build/intermediates/pre-dexed/debug/classes-6d68d7f4120e6e085b90c9a0b7a7402cdf98d974.jar /root/AndroidStudioProjects/JustTheTip2/app/build/intermediates/exploded-aar/com.android.support/support-v4/22.0.0/classes.jar
Launcher Type: SUN_STANDARD

Environment Variables:
CLASSPATH=/home/skylar/Documents/dev/android-studio/bin/../lib/bootstrap.jar:/home/skylar/Documents/dev/android-studio/bin/../lib/extensions.jar:/home/skylar/Documents/dev/android-studio/bin/../lib/util.jar:/home/skylar/Documents/dev/android-studio/bin/../lib/jdom.jar:/home/skylar/Documents/dev/android-studio/bin/../lib/log4j.jar:/home/skylar/Documents/dev/android-studio/bin/../lib/trove4j.jar:/home/skylar/Documents/dev/android-studio/bin/../lib/jna.jar:/usr/lib/jvm/java-7-oracle/lib/tools.jar
PATH=/usr/local/sbin:/usr/local/bin:/usr/sbin:/usr/bin:/sbin:/bin
USERNAME=root
LD_LIBRARY_PATH=/home/skylar/Documents/dev/android-studio/bin:
SHELL=/bin/bash
DISPLAY=:0

Signal Handlers:
SIGSEGV: [libjvm.so+0x9a3b20], sa_mask[0]=0x7ffbfeff, sa_flags=0x10000004
SIGBUS: [libjvm.so+0x9a3b20], sa_mask[0]=0x7ffbfeff, sa_flags=0x10000004
SIGFPE: [libjvm.so+0x81e740], sa_mask[0]=0x7ffbfeff, sa_flags=0x10000004
SIGPIPE: [libjvm.so+0x81e740], sa_mask[0]=0x7ffbfeff, sa_flags=0x10000004
SIGXFSZ: [libjvm.so+0x81e740], sa_mask[0]=0x7ffbfeff, sa_flags=0x10000004
SIGILL: [libjvm.so+0x81e740], sa_mask[0]=0x7ffbfeff, sa_flags=0x10000004
SIGUSR1: SIG_DFL, sa_mask[0]=0x00000000, sa_flags=0x00000000
SIGUSR2: [libjvm.so+0x81ffb0], sa_mask[0]=0x00000004, sa_flags=0x10000004
SIGHUP: [libjvm.so+0x8210d0], sa_mask[0]=0x7ffbfeff, sa_flags=0x10000004
SIGINT: [libjvm.so+0x8210d0], sa_mask[0]=0x7ffbfeff, sa_flags=0x10000004
SIGTERM: [libjvm.so+0x8210d0], sa_mask[0]=0x7ffbfeff, sa_flags=0x10000004
SIGQUIT: [libjvm.so+0x8210d0], sa_mask[0]=0x7ffbfeff, sa_flags=0x10000004


---------------  S Y S T E M  ---------------

OS:jessie/sid

uname:Linux 3.13.0-37-generic #64-Ubuntu SMP Mon Sep 22 21:28:38 UTC 2014 x86_64
libc:glibc 2.19 NPTL 2.19 
rlimit: STACK 8192k, CORE 0k, NPROC 30043, NOFILE 4096, AS infinity
load average:4.57 1.45 0.87

/proc/meminfo:
MemTotal:        3928868 kB
MemFree:          153624 kB
Buffers:             416 kB
Cached:           387652 kB
SwapCached:            0 kB
Active:          3227236 kB
Inactive:         377672 kB
Active(anon):    3224616 kB
Inactive(anon):   339844 kB
Active(file):       2620 kB
Inactive(file):    37828 kB
Unevictable:          64 kB
Mlocked:              64 kB
SwapTotal:             0 kB
SwapFree:              0 kB
Dirty:               140 kB
Writeback:             0 kB
AnonPages:       3217648 kB
Mapped:           164628 kB
Shmem:            346932 kB
Slab:              67896 kB
SReclaimable:      27788 kB
SUnreclaim:        40108 kB
KernelStack:        5936 kB
PageTables:        45680 kB
NFS_Unstable:          0 kB
Bounce:                0 kB
WritebackTmp:          0 kB
CommitLimit:     1964432 kB
Committed_AS:    9211048 kB
VmallocTotal:   34359738367 kB
VmallocUsed:      347468 kB
VmallocChunk:   34359305020 kB
HardwareCorrupted:     0 kB
AnonHugePages:   1173504 kB
HugePages_Total:       0
HugePages_Free:        0
HugePages_Rsvd:        0
HugePages_Surp:        0
Hugepagesize:       2048 kB
DirectMap4k:       93888 kB
DirectMap2M:     3981312 kB


CPU:total 4 (4 cores per cpu, 1 threads per core) family 6 model 55 stepping 8, cmov, cx8, fxsr, mmx, sse, sse2, sse3, ssse3, sse4.1, sse4.2, popcnt, erms, tsc, tscinvbit

/proc/cpuinfo:
processor	: 0
vendor_id	: GenuineIntel
cpu family	: 6
model		: 55
model name	: Intel(R) Pentium(R) CPU  N3530  @ 2.16GHz
stepping	: 8
microcode	: 0x829
cpu MHz		: 2159.000
cache size	: 1024 KB
physical id	: 0
siblings	: 4
core id		: 0
cpu cores	: 4
apicid		: 0
initial apicid	: 0
fpu		: yes
fpu_exception	: yes
cpuid level	: 11
wp		: yes
flags		: fpu vme de pse tsc msr pae mce cx8 apic sep mtrr pge mca cmov pat pse36 clflush dts acpi mmx fxsr sse sse2 ss ht tm pbe syscall nx rdtscp lm constant_tsc arch_perfmon pebs bts rep_good nopl xtopology nonstop_tsc aperfmperf pni pclmulqdq dtes64 monitor ds_cpl vmx est tm2 ssse3 cx16 xtpr pdcm sse4_1 sse4_2 movbe popcnt tsc_deadline_timer rdrand lahf_lm 3dnowprefetch ida arat epb dtherm tpr_shadow vnmi flexpriority ept vpid tsc_adjust smep erms
bogomips	: 4332.96
clflush size	: 64
cache_alignment	: 64
address sizes	: 36 bits physical, 48 bits virtual
power management:

processor	: 1
vendor_id	: GenuineIntel
cpu family	: 6
model		: 55
model name	: Intel(R) Pentium(R) CPU  N3530  @ 2.16GHz
stepping	: 8
microcode	: 0x829
cpu MHz		: 2159.000
cache size	: 1024 KB
physical id	: 0
siblings	: 4
core id		: 1
cpu cores	: 4
apicid		: 2
initial apicid	: 2
fpu		: yes
fpu_exception	: yes
cpuid level	: 11
wp		: yes
flags		: fpu vme de pse tsc msr pae mce cx8 apic sep mtrr pge mca cmov pat pse36 clflush dts acpi mmx fxsr sse sse2 ss ht tm pbe syscall nx rdtscp lm constant_tsc arch_perfmon pebs bts rep_good nopl xtopology nonstop_tsc aperfmperf pni pclmulqdq dtes64 monitor ds_cpl vmx est tm2 ssse3 cx16 xtpr pdcm sse4_1 sse4_2 movbe popcnt tsc_deadline_timer rdrand lahf_lm 3dnowprefetch ida arat epb dtherm tpr_shadow vnmi flexpriority ept vpid tsc_adjust smep erms
bogomips	: 4332.96
clflush size	: 64
cache_alignment	: 64
address sizes	: 36 bits physical, 48 bits virtual
power management:

processor	: 2
vendor_id	: GenuineIntel
cpu family	: 6
model		: 55
model name	: Intel(R) Pentium(R) CPU  N3530  @ 2.16GHz
stepping	: 8
microcode	: 0x829
cpu MHz		: 2159.000
cache size	: 1024 KB
physical id	: 0
siblings	: 4
core id		: 2
cpu cores	: 4
apicid		: 4
initial apicid	: 4
fpu		: yes
fpu_exception	: yes
cpuid level	: 11
wp		: yes
flags		: fpu vme de pse tsc msr pae mce cx8 apic sep mtrr pge mca cmov pat pse36 clflush dts acpi mmx fxsr sse sse2 ss ht tm pbe syscall nx rdtscp lm constant_tsc arch_perfmon pebs bts rep_good nopl xtopology nonstop_tsc aperfmperf pni pclmulqdq dtes64 monitor ds_cpl vmx est tm2 ssse3 cx16 xtpr pdcm sse4_1 sse4_2 movbe popcnt tsc_deadline_timer rdrand lahf_lm 3dnowprefetch ida arat epb dtherm tpr_shadow vnmi flexpriority ept vpid tsc_adjust smep erms
bogomips	: 4332.96
clflush size	: 64
cache_alignment	: 64
address sizes	: 36 bits physical, 48 bits virtual
power management:

processor	: 3
vendor_id	: GenuineIntel
cpu family	: 6
model		: 55
model name	: Intel(R) Pentium(R) CPU  N3530  @ 2.16GHz
stepping	: 8
microcode	: 0x829
cpu MHz		: 2159.000
cache size	: 1024 KB
physical id	: 0
siblings	: 4
core id		: 3
cpu cores	: 4
apicid		: 6
initial apicid	: 6
fpu		: yes
fpu_exception	: yes
cpuid level	: 11
wp		: yes
flags		: fpu vme de pse tsc msr pae mce cx8 apic sep mtrr pge mca cmov pat pse36 clflush dts acpi mmx fxsr sse sse2 ss ht tm pbe syscall nx rdtscp lm constant_tsc arch_perfmon pebs bts rep_good nopl xtopology nonstop_tsc aperfmperf pni pclmulqdq dtes64 monitor ds_cpl vmx est tm2 ssse3 cx16 xtpr pdcm sse4_1 sse4_2 movbe popcnt tsc_deadline_timer rdrand lahf_lm 3dnowprefetch ida arat epb dtherm tpr_shadow vnmi flexpriority ept vpid tsc_adjust smep erms
bogomips	: 4332.96
clflush size	: 64
cache_alignment	: 64
address sizes	: 36 bits physical, 48 bits virtual
power management:



Memory: 4k page, physical 3928868k(153252k free), swap 0k(0k free)

vm_info: Java HotSpot(TM) 64-Bit Server VM (24.80-b11) for linux-amd64 JRE (1.7.0_80-b15), built on Apr 10 2015 19:53:14 by "java_re" with gcc 4.3.0 20080428 (Red Hat 4.3.0-8)

time: Sun May 31 19:34:55 2015
elapsed time: 16 seconds

